<?xml version="1.0" encoding="UTF-8"?>
<testsuite name="com.library.library.controller.TokenApiControllerTest" tests="1" skipped="0" failures="0" errors="0" timestamp="2024-05-15T16:07:43" hostname="imdong-gyun-ui-Macmini.local" time="0.765">
  <properties/>
  <testcase name="createNewAccessToken: 새로운 액세스 토큰을 발급한다." classname="com.library.library.controller.TokenApiControllerTest" time="0.765"/>
  <system-out><![CDATA[01:07:41.872 [Test worker] INFO org.springframework.test.context.support.AnnotationConfigContextLoaderUtils -- Could not detect default configuration classes for test class [com.library.library.controller.TokenApiControllerTest]: TokenApiControllerTest does not declare any static, non-private, non-final, nested classes annotated with @Configuration.
01:07:41.924 [Test worker] INFO org.springframework.boot.test.context.SpringBootTestContextBootstrapper -- Found @SpringBootConfiguration com.library.library.libraryApplication for test class com.library.library.controller.TokenApiControllerTest

  .   ____          _            __ _ _
 /\\ / ___'_ __ _ _(_)_ __  __ _ \ \ \ \
( ( )\___ | '_ | '_| | '_ \/ _` | \ \ \ \
 \\/  ___)| |_)| | | | | || (_| |  ) ) ) )
  '  |____| .__|_| |_|_| |_\__, | / / / /
 =========|_|==============|___/=/_/_/_/
 :: Spring Boot ::                (v3.2.5)

2024-05-16T01:07:42.084+09:00  INFO 8765 --- [    Test worker] c.l.l.controller.TokenApiControllerTest  : Starting TokenApiControllerTest using Java 21.0.3 with PID 8765 (started by imdong-gyun in /Users/imdong-gyun/Desktop/library_project)
2024-05-16T01:07:42.085+09:00  INFO 8765 --- [    Test worker] c.l.l.controller.TokenApiControllerTest  : No active profile set, falling back to 1 default profile: "default"
2024-05-16T01:07:42.333+09:00  INFO 8765 --- [    Test worker] .s.d.r.c.RepositoryConfigurationDelegate : Bootstrapping Spring Data JPA repositories in DEFAULT mode.
2024-05-16T01:07:42.356+09:00  INFO 8765 --- [    Test worker] .s.d.r.c.RepositoryConfigurationDelegate : Finished Spring Data repository scanning in 20 ms. Found 4 JPA repository interfaces.
2024-05-16T01:07:42.539+09:00  INFO 8765 --- [    Test worker] com.zaxxer.hikari.HikariDataSource       : HikariPool-1 - Starting...
2024-05-16T01:07:42.787+09:00  INFO 8765 --- [    Test worker] com.zaxxer.hikari.pool.HikariPool        : HikariPool-1 - Added connection com.mysql.cj.jdbc.ConnectionImpl@222acad
2024-05-16T01:07:42.788+09:00  INFO 8765 --- [    Test worker] com.zaxxer.hikari.HikariDataSource       : HikariPool-1 - Start completed.
2024-05-16T01:07:42.817+09:00  INFO 8765 --- [    Test worker] o.hibernate.jpa.internal.util.LogHelper  : HHH000204: Processing PersistenceUnitInfo [name: default]
2024-05-16T01:07:42.846+09:00  INFO 8765 --- [    Test worker] org.hibernate.Version                    : HHH000412: Hibernate ORM core version 6.4.4.Final
2024-05-16T01:07:42.860+09:00  INFO 8765 --- [    Test worker] o.h.c.internal.RegionFactoryInitiator    : HHH000026: Second-level cache disabled
2024-05-16T01:07:42.952+09:00  INFO 8765 --- [    Test worker] o.s.o.j.p.SpringPersistenceUnitInfo      : No LoadTimeWeaver setup: ignoring JPA class transformer
2024-05-16T01:07:43.337+09:00  INFO 8765 --- [    Test worker] o.h.e.t.j.p.i.JtaPlatformInitiator       : HHH000489: No JTA platform available (set 'hibernate.transaction.jta.platform' to enable JTA platform integration)
2024-05-16T01:07:43.338+09:00  INFO 8765 --- [    Test worker] j.LocalContainerEntityManagerFactoryBean : Initialized JPA EntityManagerFactory for persistence unit 'default'
2024-05-16T01:07:43.493+09:00  WARN 8765 --- [    Test worker] JpaBaseConfiguration$JpaWebConfiguration : spring.jpa.open-in-view is enabled by default. Therefore, database queries may be performed during view rendering. Explicitly configure spring.jpa.open-in-view to disable this warning
2024-05-16T01:07:43.625+09:00  INFO 8765 --- [    Test worker] o.s.s.web.DefaultSecurityFilterChain     : Will secure any request with [org.springframework.security.web.session.DisableEncodeUrlFilter@63df2eb8, org.springframework.security.web.context.request.async.WebAsyncManagerIntegrationFilter@49c72fb7, org.springframework.security.web.context.SecurityContextHolderFilter@73d7e7aa, org.springframework.security.web.header.HeaderWriterFilter@48861d1, org.springframework.web.filter.CorsFilter@565983f3, org.springframework.security.web.csrf.CsrfFilter@70ebaa1e, org.springframework.security.web.authentication.logout.LogoutFilter@1e9d6c78, org.springframework.security.web.authentication.UsernamePasswordAuthenticationFilter@14f254f, org.springframework.security.web.authentication.ui.DefaultLoginPageGeneratingFilter@4193da4d, org.springframework.security.web.authentication.ui.DefaultLogoutPageGeneratingFilter@68024e57, org.springframework.security.web.authentication.www.BasicAuthenticationFilter@6908674b, org.springframework.security.web.savedrequest.RequestCacheAwareFilter@5c3e7128, org.springframework.security.web.servletapi.SecurityContextHolderAwareRequestFilter@5ce03a9d, org.springframework.security.web.authentication.AnonymousAuthenticationFilter@72321701, org.springframework.security.web.access.ExceptionTranslationFilter@46f597f1, org.springframework.security.web.access.intercept.AuthorizationFilter@5c141c7b]
2024-05-16T01:07:43.627+09:00  WARN 8765 --- [    Test worker] o.s.s.c.a.web.builders.WebSecurity       : You are asking Spring Security to ignore org.springframework.boot.autoconfigure.security.servlet.PathRequest$H2ConsoleRequestMatcher@4010f232. This is not recommended -- please use permitAll via HttpSecurity#authorizeHttpRequests instead.
2024-05-16T01:07:43.627+09:00  INFO 8765 --- [    Test worker] o.s.s.web.DefaultSecurityFilterChain     : Will not secure org.springframework.boot.autoconfigure.security.servlet.PathRequest$H2ConsoleRequestMatcher@4010f232
2024-05-16T01:07:43.628+09:00  WARN 8765 --- [    Test worker] o.s.s.c.a.web.builders.WebSecurity       : You are asking Spring Security to ignore Ant [pattern='/static/**']. This is not recommended -- please use permitAll via HttpSecurity#authorizeHttpRequests instead.
2024-05-16T01:07:43.628+09:00  INFO 8765 --- [    Test worker] o.s.s.web.DefaultSecurityFilterChain     : Will not secure Ant [pattern='/static/**']
2024-05-16T01:07:43.743+09:00  INFO 8765 --- [    Test worker] o.s.b.a.h2.H2ConsoleAutoConfiguration    : H2 console available at '/h2-console'. Database available at 'jdbc:mysql://librarydb.ctaygwugsg84.ap-northeast-2.rds.amazonaws.com:3306/library_project?allowPublicKeyRetrieval=true&useSSL=false&serverTimezone=Asia/Seoul&characterEncoding=UTF-8'
2024-05-16T01:07:43.768+09:00  INFO 8765 --- [    Test worker] o.s.b.t.m.w.SpringBootMockServletContext : Initializing Spring TestDispatcherServlet ''
2024-05-16T01:07:43.768+09:00  INFO 8765 --- [    Test worker] o.s.t.web.servlet.TestDispatcherServlet  : Initializing Servlet ''
2024-05-16T01:07:43.768+09:00  INFO 8765 --- [    Test worker] o.s.t.web.servlet.TestDispatcherServlet  : Completed initialization in 0 ms
2024-05-16T01:07:43.781+09:00  INFO 8765 --- [    Test worker] c.l.l.controller.TokenApiControllerTest  : Started TokenApiControllerTest in 1.801 seconds (process running for 2.259)
2024-05-16T01:07:44.067+09:00  INFO 8765 --- [    Test worker] o.s.b.t.m.w.SpringBootMockServletContext : Initializing Spring TestDispatcherServlet ''
2024-05-16T01:07:44.067+09:00  INFO 8765 --- [    Test worker] o.s.t.web.servlet.TestDispatcherServlet  : Initializing Servlet ''
2024-05-16T01:07:44.067+09:00  INFO 8765 --- [    Test worker] o.s.t.web.servlet.TestDispatcherServlet  : Completed initialization in 0 ms
Hibernate: 
    select
        u1_0.id,
        u1_0.nickname,
        u1_0.password,
        u1_0.phone_number,
        u1_0.studentid 
    from
        users u1_0
Hibernate: 
    delete 
    from
        users 
    where
        id=?
Hibernate: 
    delete 
    from
        users 
    where
        id=?
Hibernate: 
    delete 
    from
        users 
    where
        id=?
Hibernate: 
    insert 
    into
        users
        (nickname, password, phone_number, studentid) 
    values
        (?, ?, ?, ?)
Hibernate: 
    insert 
    into
        refresh_token
        (refresh_token, user_id) 
    values
        (?, ?)
Hibernate: 
    select
        rt1_0.id,
        rt1_0.refresh_token,
        rt1_0.user_id 
    from
        refresh_token rt1_0 
    where
        rt1_0.refresh_token=?
Hibernate: 
    select
        u1_0.id,
        u1_0.nickname,
        u1_0.password,
        u1_0.phone_number,
        u1_0.studentid 
    from
        users u1_0 
    where
        u1_0.id=?
]]></system-out>
  <system-err><![CDATA[WARNING: A Java agent has been loaded dynamically (/Users/imdong-gyun/.gradle/caches/modules-2/files-2.1/net.bytebuddy/byte-buddy-agent/1.14.13/979ce25f7d3096a2e82214ba7dc972a05ce7a171/byte-buddy-agent-1.14.13.jar)
WARNING: If a serviceability tool is in use, please run with -XX:+EnableDynamicAgentLoading to hide this warning
WARNING: If a serviceability tool is not in use, please run with -Djdk.instrument.traceUsage for more information
WARNING: Dynamic loading of agents will be disallowed by default in a future release
]]></system-err>
</testsuite>
